<?xml version="1.0" encoding="UTF-8"?>
<coverage generated="1699624476433" clover="3.2.0">
  <project timestamp="1699624476433" name="All files">
    <metrics statements="190" coveredstatements="87" conditionals="97" coveredconditionals="30" methods="42" coveredmethods="21" elements="329" coveredelements="138" complexity="0" loc="190" ncloc="190" packages="16" files="31" classes="31"/>
    <package name="Utils">
      <metrics statements="37" coveredstatements="3" conditionals="24" coveredconditionals="1" methods="4" coveredmethods="0"/>
      <file name="index.ts" path="/Users/germangrib/RsSchool/reactCourse/rs-react/src/Utils/index.ts">
        <metrics statements="37" coveredstatements="3" conditionals="24" coveredconditionals="1" methods="4" coveredmethods="0"/>
        <line num="17" count="2" type="cond" truecount="1" falsecount="1"/>
        <line num="18" count="2" type="stmt"/>
        <line num="22" count="0" type="stmt"/>
        <line num="24" count="0" type="stmt"/>
        <line num="37" count="0" type="stmt"/>
        <line num="39" count="0" type="cond" truecount="0" falsecount="2"/>
        <line num="40" count="0" type="stmt"/>
        <line num="41" count="0" type="cond" truecount="0" falsecount="2"/>
        <line num="42" count="0" type="stmt"/>
        <line num="45" count="0" type="stmt"/>
        <line num="51" count="0" type="cond" truecount="0" falsecount="2"/>
        <line num="52" count="0" type="stmt"/>
        <line num="53" count="0" type="cond" truecount="0" falsecount="2"/>
        <line num="54" count="0" type="stmt"/>
        <line num="60" count="0" type="stmt"/>
        <line num="69" count="2" type="stmt"/>
        <line num="74" count="0" type="stmt"/>
        <line num="75" count="0" type="stmt"/>
        <line num="76" count="0" type="cond" truecount="0" falsecount="5"/>
        <line num="77" count="0" type="stmt"/>
        <line num="78" count="0" type="stmt"/>
        <line num="87" count="0" type="stmt"/>
        <line num="88" count="0" type="stmt"/>
        <line num="89" count="0" type="stmt"/>
        <line num="91" count="0" type="stmt"/>
        <line num="93" count="0" type="cond" truecount="0" falsecount="4"/>
        <line num="94" count="0" type="stmt"/>
        <line num="95" count="0" type="stmt"/>
        <line num="101" count="0" type="stmt"/>
        <line num="103" count="0" type="stmt"/>
        <line num="106" count="0" type="stmt"/>
        <line num="115" count="0" type="stmt"/>
        <line num="116" count="0" type="stmt"/>
        <line num="117" count="0" type="stmt"/>
        <line num="118" count="0" type="stmt"/>
        <line num="120" count="0" type="stmt"/>
        <line num="122" count="0" type="stmt"/>
      </file>
    </package>
    <package name="components.Catalog.Card">
      <metrics statements="3" coveredstatements="3" conditionals="0" coveredconditionals="0" methods="1" coveredmethods="1"/>
      <file name="Card.tsx" path="/Users/germangrib/RsSchool/reactCourse/rs-react/src/components/Catalog/Card/Card.tsx">
        <metrics statements="2" coveredstatements="2" conditionals="0" coveredconditionals="0" methods="1" coveredmethods="1"/>
        <line num="9" count="61" type="stmt"/>
        <line num="11" count="61" type="stmt"/>
      </file>
      <file name="card.module.scss" path="/Users/germangrib/RsSchool/reactCourse/rs-react/src/components/Catalog/Card/card.module.scss">
        <metrics statements="1" coveredstatements="1" conditionals="0" coveredconditionals="0" methods="0" coveredmethods="0"/>
        <line num="1" count="2" type="stmt"/>
      </file>
      <file name="index.ts" path="/Users/germangrib/RsSchool/reactCourse/rs-react/src/components/Catalog/Card/index.ts">
        <metrics statements="0" coveredstatements="0" conditionals="0" coveredconditionals="0" methods="0" coveredmethods="0"/>
      </file>
    </package>
    <package name="components.Catalog.Card.StatsField">
      <metrics statements="1" coveredstatements="1" conditionals="0" coveredconditionals="0" methods="1" coveredmethods="1"/>
      <file name="StatsField.tsx" path="/Users/germangrib/RsSchool/reactCourse/rs-react/src/components/Catalog/Card/StatsField/StatsField.tsx">
        <metrics statements="1" coveredstatements="1" conditionals="0" coveredconditionals="0" methods="1" coveredmethods="1"/>
        <line num="9" count="183" type="stmt"/>
      </file>
      <file name="index.ts" path="/Users/germangrib/RsSchool/reactCourse/rs-react/src/components/Catalog/Card/StatsField/index.ts">
        <metrics statements="0" coveredstatements="0" conditionals="0" coveredconditionals="0" methods="0" coveredmethods="0"/>
      </file>
    </package>
    <package name="components.Catalog.CardsList">
      <metrics statements="15" coveredstatements="12" conditionals="12" coveredconditionals="9" methods="5" coveredmethods="5"/>
      <file name="CardsList.tsx" path="/Users/germangrib/RsSchool/reactCourse/rs-react/src/components/Catalog/CardsList/CardsList.tsx">
        <metrics statements="14" coveredstatements="11" conditionals="12" coveredconditionals="9" methods="5" coveredmethods="5"/>
        <line num="26" count="4" type="cond" truecount="2" falsecount="0"/>
        <line num="27" count="4" type="stmt"/>
        <line num="28" count="4" type="stmt"/>
        <line num="30" count="4" type="stmt"/>
        <line num="31" count="4" type="cond" truecount="1" falsecount="1"/>
        <line num="32" count="0" type="stmt"/>
        <line num="37" count="1" type="cond" truecount="1" falsecount="1"/>
        <line num="38" count="1" type="stmt"/>
        <line num="43" count="1" type="cond" truecount="1" falsecount="1"/>
        <line num="44" count="0" type="stmt"/>
        <line num="45" count="0" type="stmt"/>
        <line num="49" count="4" type="stmt"/>
        <line num="53" count="60" type="stmt"/>
        <line num="54" count="60" type="stmt"/>
      </file>
      <file name="cardsList.module.scss" path="/Users/germangrib/RsSchool/reactCourse/rs-react/src/components/Catalog/CardsList/cardsList.module.scss">
        <metrics statements="1" coveredstatements="1" conditionals="0" coveredconditionals="0" methods="0" coveredmethods="0"/>
        <line num="1" count="1" type="stmt"/>
      </file>
      <file name="index.ts" path="/Users/germangrib/RsSchool/reactCourse/rs-react/src/components/Catalog/CardsList/index.ts">
        <metrics statements="0" coveredstatements="0" conditionals="0" coveredconditionals="0" methods="0" coveredmethods="0"/>
      </file>
    </package>
    <package name="components.Catalog.DetailedCard">
      <metrics statements="28" coveredstatements="25" conditionals="10" coveredconditionals="8" methods="5" coveredmethods="5"/>
      <file name="DetailedCard.tsx" path="/Users/germangrib/RsSchool/reactCourse/rs-react/src/components/Catalog/DetailedCard/DetailedCard.tsx">
        <metrics statements="27" coveredstatements="24" conditionals="10" coveredconditionals="8" methods="5" coveredmethods="5"/>
        <line num="10" count="7" type="stmt"/>
        <line num="11" count="7" type="stmt"/>
        <line num="12" count="7" type="stmt"/>
        <line num="13" count="7" type="stmt"/>
        <line num="14" count="7" type="stmt"/>
        <line num="17" count="4" type="stmt"/>
        <line num="18" count="4" type="stmt"/>
        <line num="19" count="4" type="cond" truecount="1" falsecount="1"/>
        <line num="20" count="4" type="stmt"/>
        <line num="21" count="4" type="stmt"/>
        <line num="22" count="4" type="stmt"/>
        <line num="24" count="0" type="stmt"/>
        <line num="27" count="0" type="stmt"/>
        <line num="28" count="0" type="stmt"/>
        <line num="32" count="7" type="stmt"/>
        <line num="33" count="4" type="cond" truecount="1" falsecount="1"/>
        <line num="34" count="4" type="stmt"/>
        <line num="38" count="7" type="cond" truecount="4" falsecount="0"/>
        <line num="39" count="4" type="stmt"/>
        <line num="42" count="3" type="cond" truecount="2" falsecount="0"/>
        <line num="43" count="1" type="stmt"/>
        <line num="46" count="2" type="stmt"/>
        <line num="47" count="1" type="stmt"/>
        <line num="48" count="1" type="stmt"/>
        <line num="58" count="2" type="stmt"/>
        <line num="60" count="2" type="stmt"/>
        <line num="76" count="2" type="stmt"/>
      </file>
      <file name="detailedCard.module.scss" path="/Users/germangrib/RsSchool/reactCourse/rs-react/src/components/Catalog/DetailedCard/detailedCard.module.scss">
        <metrics statements="1" coveredstatements="1" conditionals="0" coveredconditionals="0" methods="0" coveredmethods="0"/>
        <line num="1" count="1" type="stmt"/>
      </file>
    </package>
    <package name="components.ErrorBoundary.ErrorBoundaryBody">
      <metrics statements="3" coveredstatements="2" conditionals="0" coveredconditionals="0" methods="2" coveredmethods="1"/>
      <file name="ErrorBoundaryBody.tsx" path="/Users/germangrib/RsSchool/reactCourse/rs-react/src/components/ErrorBoundary/ErrorBoundaryBody/ErrorBoundaryBody.tsx">
        <metrics statements="2" coveredstatements="1" conditionals="0" coveredconditionals="0" methods="2" coveredmethods="1"/>
        <line num="11" count="1" type="stmt"/>
        <line num="21" count="0" type="stmt"/>
      </file>
      <file name="errorBoundaryBody.module.scss" path="/Users/germangrib/RsSchool/reactCourse/rs-react/src/components/ErrorBoundary/ErrorBoundaryBody/errorBoundaryBody.module.scss">
        <metrics statements="1" coveredstatements="1" conditionals="0" coveredconditionals="0" methods="0" coveredmethods="0"/>
        <line num="1" count="1" type="stmt"/>
      </file>
      <file name="index.ts" path="/Users/germangrib/RsSchool/reactCourse/rs-react/src/components/ErrorBoundary/ErrorBoundaryBody/index.ts">
        <metrics statements="0" coveredstatements="0" conditionals="0" coveredconditionals="0" methods="0" coveredmethods="0"/>
      </file>
    </package>
    <package name="components.NoInfo">
      <metrics statements="2" coveredstatements="2" conditionals="0" coveredconditionals="0" methods="1" coveredmethods="1"/>
      <file name="NoInfo.tsx" path="/Users/germangrib/RsSchool/reactCourse/rs-react/src/components/NoInfo/NoInfo.tsx">
        <metrics statements="1" coveredstatements="1" conditionals="0" coveredconditionals="0" methods="1" coveredmethods="1"/>
        <line num="6" count="1" type="stmt"/>
      </file>
      <file name="index.ts" path="/Users/germangrib/RsSchool/reactCourse/rs-react/src/components/NoInfo/index.ts">
        <metrics statements="0" coveredstatements="0" conditionals="0" coveredconditionals="0" methods="0" coveredmethods="0"/>
      </file>
      <file name="noInfo.module.scss" path="/Users/germangrib/RsSchool/reactCourse/rs-react/src/components/NoInfo/noInfo.module.scss">
        <metrics statements="1" coveredstatements="1" conditionals="0" coveredconditionals="0" methods="0" coveredmethods="0"/>
        <line num="1" count="1" type="stmt"/>
      </file>
    </package>
    <package name="components.Pagination">
      <metrics statements="20" coveredstatements="9" conditionals="12" coveredconditionals="4" methods="7" coveredmethods="1"/>
      <file name="Pagination.tsx" path="/Users/germangrib/RsSchool/reactCourse/rs-react/src/components/Pagination/Pagination.tsx">
        <metrics statements="19" coveredstatements="8" conditionals="12" coveredconditionals="4" methods="7" coveredmethods="1"/>
        <line num="13" count="1" type="stmt"/>
        <line num="15" count="1" type="cond" truecount="1" falsecount="1"/>
        <line num="16" count="1" type="stmt"/>
        <line num="18" count="1" type="stmt"/>
        <line num="19" count="1" type="stmt"/>
        <line num="21" count="1" type="cond" truecount="2" falsecount="2"/>
        <line num="22" count="1" type="stmt"/>
        <line num="25" count="0" type="cond" truecount="0" falsecount="2"/>
        <line num="26" count="0" type="stmt"/>
        <line num="27" count="0" type="stmt"/>
        <line num="28" count="0" type="stmt"/>
        <line num="33" count="0" type="stmt"/>
        <line num="34" count="0" type="stmt"/>
        <line num="38" count="0" type="stmt"/>
        <line num="41" count="1" type="stmt"/>
        <line num="52" count="0" type="stmt"/>
        <line num="55" count="0" type="stmt"/>
        <line num="61" count="0" type="stmt"/>
        <line num="64" count="0" type="stmt"/>
      </file>
      <file name="pagination.module.scss" path="/Users/germangrib/RsSchool/reactCourse/rs-react/src/components/Pagination/pagination.module.scss">
        <metrics statements="1" coveredstatements="1" conditionals="0" coveredconditionals="0" methods="0" coveredmethods="0"/>
        <line num="1" count="1" type="stmt"/>
      </file>
    </package>
    <package name="components.Pagination.ChangePageBtn">
      <metrics statements="2" coveredstatements="0" conditionals="2" coveredconditionals="0" methods="1" coveredmethods="0"/>
      <file name="ChangePageBtn.tsx" path="/Users/germangrib/RsSchool/reactCourse/rs-react/src/components/Pagination/ChangePageBtn/ChangePageBtn.tsx">
        <metrics statements="2" coveredstatements="0" conditionals="2" coveredconditionals="0" methods="1" coveredmethods="0"/>
        <line num="15" count="0" type="stmt"/>
        <line num="17" count="0" type="stmt"/>
      </file>
      <file name="index.ts" path="/Users/germangrib/RsSchool/reactCourse/rs-react/src/components/Pagination/ChangePageBtn/index.ts">
        <metrics statements="0" coveredstatements="0" conditionals="0" coveredconditionals="0" methods="0" coveredmethods="0"/>
      </file>
    </package>
    <package name="components.Pagination.PagesCountOptions">
      <metrics statements="12" coveredstatements="0" conditionals="2" coveredconditionals="0" methods="3" coveredmethods="0"/>
      <file name="PagesCountOptions.tsx" path="/Users/germangrib/RsSchool/reactCourse/rs-react/src/components/Pagination/PagesCountOptions/PagesCountOptions.tsx">
        <metrics statements="12" coveredstatements="0" conditionals="2" coveredconditionals="0" methods="3" coveredmethods="0"/>
        <line num="13" count="0" type="stmt"/>
        <line num="15" count="0" type="stmt"/>
        <line num="16" count="0" type="stmt"/>
        <line num="17" count="0" type="stmt"/>
        <line num="22" count="0" type="stmt"/>
        <line num="23" count="0" type="stmt"/>
        <line num="24" count="0" type="stmt"/>
        <line num="29" count="0" type="stmt"/>
        <line num="30" count="0" type="stmt"/>
        <line num="31" count="0" type="stmt"/>
        <line num="34" count="0" type="stmt"/>
        <line num="37" count="0" type="stmt"/>
      </file>
      <file name="index.ts" path="/Users/germangrib/RsSchool/reactCourse/rs-react/src/components/Pagination/PagesCountOptions/index.ts">
        <metrics statements="0" coveredstatements="0" conditionals="0" coveredconditionals="0" methods="0" coveredmethods="0"/>
      </file>
    </package>
    <package name="components.Pagination.utils">
      <metrics statements="7" coveredstatements="3" conditionals="12" coveredconditionals="3" methods="2" coveredmethods="1"/>
      <file name="index.ts" path="/Users/germangrib/RsSchool/reactCourse/rs-react/src/components/Pagination/utils/index.ts">
        <metrics statements="7" coveredstatements="3" conditionals="12" coveredconditionals="3" methods="2" coveredmethods="1"/>
        <line num="12" count="0" type="stmt"/>
        <line num="13" count="0" type="stmt"/>
        <line num="15" count="0" type="cond" truecount="0" falsecount="4"/>
        <line num="19" count="0" type="stmt"/>
        <line num="31" count="1" type="stmt"/>
        <line num="32" count="1" type="stmt"/>
        <line num="34" count="1" type="stmt"/>
      </file>
    </package>
    <package name="components.SearchField">
      <metrics statements="22" coveredstatements="19" conditionals="8" coveredconditionals="5" methods="3" coveredmethods="3"/>
      <file name="SearchField.tsx" path="/Users/germangrib/RsSchool/reactCourse/rs-react/src/components/SearchField/SearchField.tsx">
        <metrics statements="21" coveredstatements="18" conditionals="8" coveredconditionals="5" methods="3" coveredmethods="3"/>
        <line num="15" count="1" type="cond" truecount="1" falsecount="1"/>
        <line num="16" count="1" type="stmt"/>
        <line num="21" count="3" type="stmt"/>
        <line num="22" count="3" type="cond" truecount="2" falsecount="0"/>
        <line num="23" count="3" type="stmt"/>
        <line num="24" count="3" type="stmt"/>
        <line num="27" count="1" type="stmt"/>
        <line num="28" count="1" type="stmt"/>
        <line num="30" count="1" type="cond" truecount="1" falsecount="1"/>
        <line num="31" count="0" type="stmt"/>
        <line num="34" count="1" type="cond" truecount="1" falsecount="1"/>
        <line num="35" count="0" type="stmt"/>
        <line num="38" count="1" type="stmt"/>
        <line num="39" count="1" type="stmt"/>
        <line num="40" count="1" type="stmt"/>
        <line num="41" count="1" type="stmt"/>
        <line num="45" count="1" type="stmt"/>
        <line num="47" count="0" type="stmt"/>
        <line num="49" count="1" type="stmt"/>
        <line num="53" count="3" type="stmt"/>
        <line num="61" count="1" type="stmt"/>
      </file>
      <file name="searchField.module.scss" path="/Users/germangrib/RsSchool/reactCourse/rs-react/src/components/SearchField/searchField.module.scss">
        <metrics statements="1" coveredstatements="1" conditionals="0" coveredconditionals="0" methods="0" coveredmethods="0"/>
        <line num="1" count="1" type="stmt"/>
      </file>
    </package>
    <package name="const">
      <metrics statements="4" coveredstatements="4" conditionals="0" coveredconditionals="0" methods="0" coveredmethods="0"/>
      <file name="index.ts" path="/Users/germangrib/RsSchool/reactCourse/rs-react/src/const/index.ts">
        <metrics statements="4" coveredstatements="4" conditionals="0" coveredconditionals="0" methods="0" coveredmethods="0"/>
        <line num="1" count="2" type="stmt"/>
        <line num="2" count="2" type="stmt"/>
        <line num="4" count="2" type="stmt"/>
        <line num="5" count="2" type="stmt"/>
      </file>
    </package>
    <package name="context">
      <metrics statements="17" coveredstatements="2" conditionals="6" coveredconditionals="0" methods="5" coveredmethods="2"/>
      <file name="PokemonProvider.tsx" path="/Users/germangrib/RsSchool/reactCourse/rs-react/src/context/PokemonProvider.tsx">
        <metrics statements="17" coveredstatements="2" conditionals="6" coveredconditionals="0" methods="5" coveredmethods="2"/>
        <line num="23" count="2" type="stmt"/>
        <line num="30" count="2" type="stmt"/>
        <line num="39" count="0" type="stmt"/>
        <line num="40" count="0" type="stmt"/>
        <line num="41" count="0" type="stmt"/>
        <line num="42" count="0" type="cond" truecount="0" falsecount="2"/>
        <line num="44" count="0" type="stmt"/>
        <line num="48" count="0" type="stmt"/>
        <line num="52" count="0" type="stmt"/>
        <line num="54" count="0" type="stmt"/>
        <line num="55" count="0" type="stmt"/>
        <line num="60" count="0" type="stmt"/>
        <line num="61" count="0" type="stmt"/>
        <line num="63" count="0" type="stmt"/>
        <line num="64" count="0" type="stmt"/>
        <line num="68" count="0" type="stmt"/>
        <line num="71" count="0" type="stmt"/>
      </file>
    </package>
    <package name="router">
      <metrics statements="1" coveredstatements="1" conditionals="0" coveredconditionals="0" methods="0" coveredmethods="0"/>
      <file name="const.ts" path="/Users/germangrib/RsSchool/reactCourse/rs-react/src/router/const.ts">
        <metrics statements="1" coveredstatements="1" conditionals="0" coveredconditionals="0" methods="0" coveredmethods="0"/>
        <line num="1" count="4" type="stmt"/>
      </file>
    </package>
    <package name="services.pokemonService">
      <metrics statements="16" coveredstatements="1" conditionals="9" coveredconditionals="0" methods="2" coveredmethods="0"/>
      <file name="index.ts" path="/Users/germangrib/RsSchool/reactCourse/rs-react/src/services/pokemonService/index.ts">
        <metrics statements="15" coveredstatements="0" conditionals="9" coveredconditionals="0" methods="2" coveredmethods="0"/>
        <line num="12" count="0" type="stmt"/>
        <line num="13" count="0" type="cond" truecount="0" falsecount="2"/>
        <line num="14" count="0" type="stmt"/>
        <line num="15" count="0" type="cond" truecount="0" falsecount="1"/>
        <line num="16" count="0" type="stmt"/>
        <line num="18" count="0" type="cond" truecount="0" falsecount="2"/>
        <line num="19" count="0" type="stmt"/>
        <line num="22" count="0" type="cond" truecount="0" falsecount="2"/>
        <line num="23" count="0" type="stmt"/>
        <line num="26" count="0" type="cond" truecount="0" falsecount="2"/>
        <line num="27" count="0" type="stmt"/>
        <line num="30" count="0" type="stmt"/>
        <line num="31" count="0" type="stmt"/>
        <line num="33" count="0" type="stmt"/>
        <line num="35" count="0" type="stmt"/>
      </file>
      <file name="variables.ts" path="/Users/germangrib/RsSchool/reactCourse/rs-react/src/services/pokemonService/variables.ts">
        <metrics statements="1" coveredstatements="1" conditionals="0" coveredconditionals="0" methods="0" coveredmethods="0"/>
        <line num="1" count="3" type="stmt"/>
      </file>
    </package>
  </project>
</coverage>
