{"/Users/germangrib/RsSchool/reactCourse/rs-react/src/Utils/index.ts": {"path":"/Users/germangrib/RsSchool/reactCourse/rs-react/src/Utils/index.ts","statementMap":{"0":{"start":{"line":17,"column":0},"end":{"line":19,"column":1}},"1":{"start":{"line":18,"column":2},"end":{"line":18,"column":70}},"2":{"start":{"line":22,"column":65},"end":{"line":22,"column":73}},"3":{"start":{"line":24,"column":2},"end":{"line":31,"column":4}},"4":{"start":{"line":37,"column":36},"end":{"line":37,"column":38}},"5":{"start":{"line":39,"column":2},"end":{"line":58,"column":3}},"6":{"start":{"line":40,"column":4},"end":{"line":57,"column":5}},"7":{"start":{"line":40,"column":17},"end":{"line":40,"column":18}},"8":{"start":{"line":41,"column":6},"end":{"line":43,"column":7}},"9":{"start":{"line":42,"column":8},"end":{"line":42,"column":14}},"10":{"start":{"line":45,"column":36},"end":{"line":50,"column":8}},"11":{"start":{"line":51,"column":6},"end":{"line":56,"column":7}},"12":{"start":{"line":52,"column":27},"end":{"line":52,"column":55}},"13":{"start":{"line":53,"column":8},"end":{"line":55,"column":9}},"14":{"start":{"line":54,"column":10},"end":{"line":54,"column":40}},"15":{"start":{"line":60,"column":2},"end":{"line":60,"column":22}},"16":{"start":{"line":69,"column":24},"end":{"line":107,"column":1}},"17":{"start":{"line":74,"column":34},"end":{"line":74,"column":71}},"18":{"start":{"line":75,"column":29},"end":{"line":75,"column":68}},"19":{"start":{"line":76,"column":2},"end":{"line":105,"column":3}},"20":{"start":{"line":77,"column":4},"end":{"line":92,"column":5}},"21":{"start":{"line":78,"column":45},"end":{"line":86,"column":8}},"22":{"start":{"line":87,"column":6},"end":{"line":87,"column":73}},"23":{"start":{"line":88,"column":26},"end":{"line":88,"column":34}},"24":{"start":{"line":89,"column":6},"end":{"line":89,"column":45}},"25":{"start":{"line":91,"column":6},"end":{"line":91,"column":45}},"26":{"start":{"line":93,"column":9},"end":{"line":105,"column":3}},"27":{"start":{"line":94,"column":4},"end":{"line":104,"column":5}},"28":{"start":{"line":95,"column":33},"end":{"line":100,"column":8}},"29":{"start":{"line":101,"column":6},"end":{"line":101,"column":41}},"30":{"start":{"line":103,"column":6},"end":{"line":103,"column":45}},"31":{"start":{"line":106,"column":2},"end":{"line":106,"column":12}},"32":{"start":{"line":115,"column":2},"end":{"line":123,"column":3}},"33":{"start":{"line":116,"column":4},"end":{"line":116,"column":30}},"34":{"start":{"line":117,"column":17},"end":{"line":117,"column":60}},"35":{"start":{"line":118,"column":4},"end":{"line":118,"column":25}},"36":{"start":{"line":120,"column":4},"end":{"line":120,"column":11}},"37":{"start":{"line":122,"column":4},"end":{"line":122,"column":31}}},"fnMap":{"0":{"name":"pokemonDataForCards","decl":{"start":{"line":21,"column":16},"end":{"line":21,"column":35}},"loc":{"start":{"line":21,"column":71},"end":{"line":32,"column":1}},"line":21},"1":{"name":"listDataForCards","decl":{"start":{"line":34,"column":22},"end":{"line":34,"column":38}},"loc":{"start":{"line":36,"column":24},"end":{"line":61,"column":1}},"line":36},"2":{"name":"(anonymous_2)","decl":{"start":{"line":69,"column":24},"end":{"line":69,"column":25}},"loc":{"start":{"line":73,"column":43},"end":{"line":107,"column":1}},"line":73},"3":{"name":"fetchData","decl":{"start":{"line":109,"column":22},"end":{"line":109,"column":31}},"loc":{"start":{"line":114,"column":29},"end":{"line":124,"column":1}},"line":114}},"branchMap":{"0":{"loc":{"start":{"line":17,"column":0},"end":{"line":19,"column":1}},"type":"if","locations":[{"start":{"line":17,"column":0},"end":{"line":19,"column":1}},{"start":{},"end":{}}],"line":17},"1":{"loc":{"start":{"line":39,"column":2},"end":{"line":58,"column":3}},"type":"if","locations":[{"start":{"line":39,"column":2},"end":{"line":58,"column":3}},{"start":{},"end":{}}],"line":39},"2":{"loc":{"start":{"line":41,"column":6},"end":{"line":43,"column":7}},"type":"if","locations":[{"start":{"line":41,"column":6},"end":{"line":43,"column":7}},{"start":{},"end":{}}],"line":41},"3":{"loc":{"start":{"line":51,"column":6},"end":{"line":56,"column":7}},"type":"if","locations":[{"start":{"line":51,"column":6},"end":{"line":56,"column":7}},{"start":{},"end":{}}],"line":51},"4":{"loc":{"start":{"line":53,"column":8},"end":{"line":55,"column":9}},"type":"if","locations":[{"start":{"line":53,"column":8},"end":{"line":55,"column":9}},{"start":{},"end":{}}],"line":53},"5":{"loc":{"start":{"line":76,"column":2},"end":{"line":105,"column":3}},"type":"if","locations":[{"start":{"line":76,"column":2},"end":{"line":105,"column":3}},{"start":{"line":93,"column":9},"end":{"line":105,"column":3}}],"line":76},"6":{"loc":{"start":{"line":76,"column":6},"end":{"line":76,"column":76}},"type":"binary-expr","locations":[{"start":{"line":76,"column":6},"end":{"line":76,"column":30}},{"start":{"line":76,"column":35},"end":{"line":76,"column":47}},{"start":{"line":76,"column":51},"end":{"line":76,"column":75}}],"line":76},"7":{"loc":{"start":{"line":81,"column":22},"end":{"line":83,"column":40}},"type":"cond-expr","locations":[{"start":{"line":82,"column":14},"end":{"line":82,"column":32}},{"start":{"line":83,"column":14},"end":{"line":83,"column":40}}],"line":81},"8":{"loc":{"start":{"line":84,"column":18},"end":{"line":84,"column":75}},"type":"cond-expr","locations":[{"start":{"line":84,"column":36},"end":{"line":84,"column":58}},{"start":{"line":84,"column":61},"end":{"line":84,"column":75}}],"line":84},"9":{"loc":{"start":{"line":93,"column":9},"end":{"line":105,"column":3}},"type":"if","locations":[{"start":{"line":93,"column":9},"end":{"line":105,"column":3}},{"start":{},"end":{}}],"line":93},"10":{"loc":{"start":{"line":93,"column":13},"end":{"line":93,"column":51}},"type":"binary-expr","locations":[{"start":{"line":93,"column":13},"end":{"line":93,"column":36}},{"start":{"line":93,"column":40},"end":{"line":93,"column":51}}],"line":93},"11":{"loc":{"start":{"line":110,"column":2},"end":{"line":110,"column":12}},"type":"default-arg","locations":[{"start":{"line":110,"column":11},"end":{"line":110,"column":12}}],"line":110}},"s":{"0":3,"1":3,"2":0,"3":0,"4":0,"5":0,"6":0,"7":0,"8":0,"9":0,"10":0,"11":0,"12":0,"13":0,"14":0,"15":0,"16":3,"17":1,"18":1,"19":1,"20":1,"21":1,"22":0,"23":0,"24":0,"25":1,"26":0,"27":0,"28":0,"29":0,"30":0,"31":0,"32":1,"33":1,"34":1,"35":0,"36":1,"37":1},"f":{"0":0,"1":0,"2":1,"3":1},"b":{"0":[3,0],"1":[0,0],"2":[0,0],"3":[0,0],"4":[0,0],"5":[1,0],"6":[1,1,0],"7":[0,1],"8":[0,1],"9":[0,0],"10":[0,0],"11":[0]},"_coverageSchema":"1a1c01bbd47fc00a2c39e90264f33305004495a9","hash":"5b80a8ee6e433f7669740f573895e3dacc8e9778"}
,"/Users/germangrib/RsSchool/reactCourse/rs-react/src/components/Catalog/Card/Card.tsx": {"path":"/Users/germangrib/RsSchool/reactCourse/rs-react/src/components/Catalog/Card/Card.tsx","statementMap":{"0":{"start":{"line":9,"column":64},"end":{"line":9,"column":69}},"1":{"start":{"line":11,"column":2},"end":{"line":24,"column":4}}},"fnMap":{"0":{"name":"Card","decl":{"start":{"line":8,"column":9},"end":{"line":8,"column":13}},"loc":{"start":{"line":8,"column":46},"end":{"line":25,"column":1}},"line":8}},"branchMap":{},"s":{"0":61,"1":61},"f":{"0":61},"b":{},"_coverageSchema":"1a1c01bbd47fc00a2c39e90264f33305004495a9","hash":"9b6388bd5fdf3d5b65240721518e34f4e27df322"}
,"/Users/germangrib/RsSchool/reactCourse/rs-react/src/components/Catalog/Card/card.module.scss": {"path":"/Users/germangrib/RsSchool/reactCourse/rs-react/src/components/Catalog/Card/card.module.scss","statementMap":{"0":{"start":{"line":1,"column":0},"end":{"line":1,"column":19}}},"fnMap":{},"branchMap":{},"s":{"0":2},"f":{},"b":{},"_coverageSchema":"1a1c01bbd47fc00a2c39e90264f33305004495a9","hash":"36feca0f53323e19652894f94f322a5d7b88f3ca"}
,"/Users/germangrib/RsSchool/reactCourse/rs-react/src/components/Catalog/Card/index.ts": {"path":"/Users/germangrib/RsSchool/reactCourse/rs-react/src/components/Catalog/Card/index.ts","statementMap":{},"fnMap":{},"branchMap":{},"s":{},"f":{},"b":{},"_coverageSchema":"1a1c01bbd47fc00a2c39e90264f33305004495a9","hash":"d96aca549b608d627e0e9a07c543b5641f88ae43"}
,"/Users/germangrib/RsSchool/reactCourse/rs-react/src/components/Catalog/Card/StatsField/StatsField.tsx": {"path":"/Users/germangrib/RsSchool/reactCourse/rs-react/src/components/Catalog/Card/StatsField/StatsField.tsx","statementMap":{"0":{"start":{"line":9,"column":2},"end":{"line":14,"column":4}}},"fnMap":{"0":{"name":"StatsField","decl":{"start":{"line":8,"column":9},"end":{"line":8,"column":19}},"loc":{"start":{"line":8,"column":75},"end":{"line":15,"column":1}},"line":8}},"branchMap":{},"s":{"0":183},"f":{"0":183},"b":{},"_coverageSchema":"1a1c01bbd47fc00a2c39e90264f33305004495a9","hash":"ed65a96939e26ce4ab2b6082c7e1d6513757032e"}
,"/Users/germangrib/RsSchool/reactCourse/rs-react/src/components/Catalog/Card/StatsField/index.ts": {"path":"/Users/germangrib/RsSchool/reactCourse/rs-react/src/components/Catalog/Card/StatsField/index.ts","statementMap":{},"fnMap":{},"branchMap":{},"s":{},"f":{},"b":{},"_coverageSchema":"1a1c01bbd47fc00a2c39e90264f33305004495a9","hash":"d309eb3e7bbb9e75a923e984d83e1e1c116fca11"}
,"/Users/germangrib/RsSchool/reactCourse/rs-react/src/components/Catalog/CardsList/CardsList.tsx": {"path":"/Users/germangrib/RsSchool/reactCourse/rs-react/src/components/Catalog/CardsList/CardsList.tsx","statementMap":{"0":{"start":{"line":26,"column":27},"end":{"line":26,"column":77}},"1":{"start":{"line":27,"column":19},"end":{"line":27,"column":32}},"2":{"start":{"line":28,"column":25},"end":{"line":28,"column":42}},"3":{"start":{"line":30,"column":2},"end":{"line":34,"column":21}},"4":{"start":{"line":31,"column":4},"end":{"line":33,"column":5}},"5":{"start":{"line":32,"column":6},"end":{"line":32,"column":31}},"6":{"start":{"line":37,"column":4},"end":{"line":39,"column":5}},"7":{"start":{"line":38,"column":6},"end":{"line":38,"column":30}},"8":{"start":{"line":43,"column":4},"end":{"line":46,"column":5}},"9":{"start":{"line":44,"column":6},"end":{"line":44,"column":31}},"10":{"start":{"line":45,"column":6},"end":{"line":45,"column":27}},"11":{"start":{"line":49,"column":2},"end":{"line":69,"column":4}},"12":{"start":{"line":53,"column":72},"end":{"line":53,"column":74}},"13":{"start":{"line":54,"column":10},"end":{"line":65,"column":12}}},"fnMap":{"0":{"name":"CardsList","decl":{"start":{"line":21,"column":9},"end":{"line":21,"column":18}},"loc":{"start":{"line":25,"column":33},"end":{"line":70,"column":1}},"line":25},"1":{"name":"(anonymous_1)","decl":{"start":{"line":30,"column":12},"end":{"line":30,"column":13}},"loc":{"start":{"line":30,"column":18},"end":{"line":34,"column":3}},"line":30},"2":{"name":"handleItemClick","decl":{"start":{"line":36,"column":11},"end":{"line":36,"column":26}},"loc":{"start":{"line":36,"column":35},"end":{"line":40,"column":3}},"line":36},"3":{"name":"handleListClick","decl":{"start":{"line":42,"column":11},"end":{"line":42,"column":26}},"loc":{"start":{"line":42,"column":35},"end":{"line":47,"column":3}},"line":42},"4":{"name":"(anonymous_4)","decl":{"start":{"line":52,"column":22},"end":{"line":52,"column":23}},"loc":{"start":{"line":52,"column":30},"end":{"line":66,"column":9}},"line":52}},"branchMap":{"0":{"loc":{"start":{"line":26,"column":27},"end":{"line":26,"column":77}},"type":"binary-expr","locations":[{"start":{"line":26,"column":27},"end":{"line":26,"column":51}},{"start":{"line":26,"column":55},"end":{"line":26,"column":77}}],"line":26},"1":{"loc":{"start":{"line":31,"column":4},"end":{"line":33,"column":5}},"type":"if","locations":[{"start":{"line":31,"column":4},"end":{"line":33,"column":5}},{"start":{},"end":{}}],"line":31},"2":{"loc":{"start":{"line":37,"column":4},"end":{"line":39,"column":5}},"type":"if","locations":[{"start":{"line":37,"column":4},"end":{"line":39,"column":5}},{"start":{},"end":{}}],"line":37},"3":{"loc":{"start":{"line":43,"column":4},"end":{"line":46,"column":5}},"type":"if","locations":[{"start":{"line":43,"column":4},"end":{"line":46,"column":5}},{"start":{},"end":{}}],"line":43},"4":{"loc":{"start":{"line":51,"column":7},"end":{"line":66,"column":10}},"type":"binary-expr","locations":[{"start":{"line":51,"column":7},"end":{"line":51,"column":24}},{"start":{"line":52,"column":8},"end":{"line":66,"column":10}}],"line":51},"5":{"loc":{"start":{"line":67,"column":7},"end":{"line":67,"column":37}},"type":"binary-expr","locations":[{"start":{"line":67,"column":7},"end":{"line":67,"column":23}},{"start":{"line":67,"column":27},"end":{"line":67,"column":37}}],"line":67}},"s":{"0":4,"1":4,"2":4,"3":4,"4":4,"5":0,"6":1,"7":1,"8":1,"9":0,"10":0,"11":4,"12":60,"13":60},"f":{"0":4,"1":4,"2":1,"3":1,"4":60},"b":{"0":[4,4],"1":[0,4],"2":[1,0],"3":[0,1],"4":[4,3],"5":[4,1]},"_coverageSchema":"1a1c01bbd47fc00a2c39e90264f33305004495a9","hash":"d9bd487f1370a0ae96d98e632b00e6b916468fa6"}
,"/Users/germangrib/RsSchool/reactCourse/rs-react/src/components/Catalog/CardsList/cardsList.module.scss": {"path":"/Users/germangrib/RsSchool/reactCourse/rs-react/src/components/Catalog/CardsList/cardsList.module.scss","statementMap":{"0":{"start":{"line":1,"column":0},"end":{"line":1,"column":19}}},"fnMap":{},"branchMap":{},"s":{"0":1},"f":{},"b":{},"_coverageSchema":"1a1c01bbd47fc00a2c39e90264f33305004495a9","hash":"0cd4468de438e6d5c2d9ecd26ccd8ee97163f3a7"}
,"/Users/germangrib/RsSchool/reactCourse/rs-react/src/components/Catalog/CardsList/index.ts": {"path":"/Users/germangrib/RsSchool/reactCourse/rs-react/src/components/Catalog/CardsList/index.ts","statementMap":{},"fnMap":{},"branchMap":{},"s":{},"f":{},"b":{},"_coverageSchema":"1a1c01bbd47fc00a2c39e90264f33305004495a9","hash":"e5bd9bd58eb7b8115168bacea4ad8ff5bae7848d"}
,"/Users/germangrib/RsSchool/reactCourse/rs-react/src/components/Catalog/DetailedCard/DetailedCard.tsx": {"path":"/Users/germangrib/RsSchool/reactCourse/rs-react/src/components/Catalog/DetailedCard/DetailedCard.tsx","statementMap":{"0":{"start":{"line":10,"column":25},"end":{"line":10,"column":42}},"1":{"start":{"line":11,"column":17},"end":{"line":11,"column":45}},"2":{"start":{"line":12,"column":40},"end":{"line":12,"column":54}},"3":{"start":{"line":13,"column":36},"end":{"line":13,"column":50}},"4":{"start":{"line":14,"column":19},"end":{"line":14,"column":32}},"5":{"start":{"line":17,"column":4},"end":{"line":29,"column":5}},"6":{"start":{"line":18,"column":23},"end":{"line":18,"column":62}},"7":{"start":{"line":19,"column":6},"end":{"line":25,"column":7}},"8":{"start":{"line":20,"column":21},"end":{"line":20,"column":42}},"9":{"start":{"line":21,"column":8},"end":{"line":21,"column":29}},"10":{"start":{"line":22,"column":8},"end":{"line":22,"column":28}},"11":{"start":{"line":24,"column":8},"end":{"line":24,"column":28}},"12":{"start":{"line":27,"column":6},"end":{"line":27,"column":26}},"13":{"start":{"line":28,"column":6},"end":{"line":28,"column":44}},"14":{"start":{"line":32,"column":2},"end":{"line":36,"column":9}},"15":{"start":{"line":33,"column":4},"end":{"line":35,"column":5}},"16":{"start":{"line":34,"column":6},"end":{"line":34,"column":18}},"17":{"start":{"line":38,"column":2},"end":{"line":40,"column":3}},"18":{"start":{"line":39,"column":4},"end":{"line":39,"column":59}},"19":{"start":{"line":42,"column":2},"end":{"line":44,"column":3}},"20":{"start":{"line":43,"column":4},"end":{"line":43,"column":17}},"21":{"start":{"line":46,"column":27},"end":{"line":49,"column":3}},"22":{"start":{"line":47,"column":4},"end":{"line":47,"column":25}},"23":{"start":{"line":48,"column":4},"end":{"line":48,"column":25}},"24":{"start":{"line":58,"column":24},"end":{"line":58,"column":35}},"25":{"start":{"line":60,"column":2},"end":{"line":84,"column":4}},"26":{"start":{"line":76,"column":12},"end":{"line":76,"column":61}}},"fnMap":{"0":{"name":"DetailedCard","decl":{"start":{"line":9,"column":9},"end":{"line":9,"column":21}},"loc":{"start":{"line":9,"column":38},"end":{"line":85,"column":1}},"line":9},"1":{"name":"fetchData","decl":{"start":{"line":16,"column":17},"end":{"line":16,"column":26}},"loc":{"start":{"line":16,"column":44},"end":{"line":30,"column":3}},"line":16},"2":{"name":"(anonymous_2)","decl":{"start":{"line":32,"column":12},"end":{"line":32,"column":13}},"loc":{"start":{"line":32,"column":18},"end":{"line":36,"column":3}},"line":32},"3":{"name":"(anonymous_3)","decl":{"start":{"line":46,"column":27},"end":{"line":46,"column":28}},"loc":{"start":{"line":46,"column":39},"end":{"line":49,"column":3}},"line":46},"4":{"name":"(anonymous_4)","decl":{"start":{"line":75,"column":21},"end":{"line":75,"column":22}},"loc":{"start":{"line":76,"column":12},"end":{"line":76,"column":61}},"line":76}},"branchMap":{"0":{"loc":{"start":{"line":19,"column":6},"end":{"line":25,"column":7}},"type":"if","locations":[{"start":{"line":19,"column":6},"end":{"line":25,"column":7}},{"start":{"line":23,"column":13},"end":{"line":25,"column":7}}],"line":19},"1":{"loc":{"start":{"line":33,"column":4},"end":{"line":35,"column":5}},"type":"if","locations":[{"start":{"line":33,"column":4},"end":{"line":35,"column":5}},{"start":{},"end":{}}],"line":33},"2":{"loc":{"start":{"line":38,"column":2},"end":{"line":40,"column":3}},"type":"if","locations":[{"start":{"line":38,"column":2},"end":{"line":40,"column":3}},{"start":{},"end":{}}],"line":38},"3":{"loc":{"start":{"line":38,"column":6},"end":{"line":38,"column":47}},"type":"binary-expr","locations":[{"start":{"line":38,"column":6},"end":{"line":38,"column":15}},{"start":{"line":38,"column":19},"end":{"line":38,"column":47}}],"line":38},"4":{"loc":{"start":{"line":42,"column":2},"end":{"line":44,"column":3}},"type":"if","locations":[{"start":{"line":42,"column":2},"end":{"line":44,"column":3}},{"start":{},"end":{}}],"line":42}},"s":{"0":7,"1":7,"2":7,"3":7,"4":7,"5":4,"6":4,"7":4,"8":4,"9":4,"10":4,"11":0,"12":0,"13":0,"14":7,"15":4,"16":4,"17":7,"18":4,"19":3,"20":1,"21":2,"22":1,"23":1,"24":2,"25":2,"26":2},"f":{"0":7,"1":4,"2":4,"3":1,"4":2},"b":{"0":[4,0],"1":[4,0],"2":[4,3],"3":[7,4],"4":[1,2]},"_coverageSchema":"1a1c01bbd47fc00a2c39e90264f33305004495a9","hash":"9b5b46de06ecd10f6e9d6220c4ed22759d46422b"}
,"/Users/germangrib/RsSchool/reactCourse/rs-react/src/components/Catalog/DetailedCard/detailedCard.module.scss": {"path":"/Users/germangrib/RsSchool/reactCourse/rs-react/src/components/Catalog/DetailedCard/detailedCard.module.scss","statementMap":{"0":{"start":{"line":1,"column":0},"end":{"line":1,"column":19}}},"fnMap":{},"branchMap":{},"s":{"0":1},"f":{},"b":{},"_coverageSchema":"1a1c01bbd47fc00a2c39e90264f33305004495a9","hash":"690ccadc2f8f7a6e4bd39b21771898de794aa8df"}
,"/Users/germangrib/RsSchool/reactCourse/rs-react/src/components/ErrorBoundary/ErrorBoundaryBody/ErrorBoundaryBody.tsx": {"path":"/Users/germangrib/RsSchool/reactCourse/rs-react/src/components/ErrorBoundary/ErrorBoundaryBody/ErrorBoundaryBody.tsx","statementMap":{"0":{"start":{"line":11,"column":2},"end":{"line":28,"column":4}},"1":{"start":{"line":21,"column":31},"end":{"line":21,"column":55}}},"fnMap":{"0":{"name":"ErrorBoundaryBody","decl":{"start":{"line":10,"column":9},"end":{"line":10,"column":26}},"loc":{"start":{"line":10,"column":68},"end":{"line":29,"column":1}},"line":10},"1":{"name":"(anonymous_1)","decl":{"start":{"line":21,"column":19},"end":{"line":21,"column":20}},"loc":{"start":{"line":21,"column":31},"end":{"line":21,"column":55}},"line":21}},"branchMap":{},"s":{"0":1,"1":0},"f":{"0":1,"1":0},"b":{},"_coverageSchema":"1a1c01bbd47fc00a2c39e90264f33305004495a9","hash":"d5289c26f7f41b4b878be3e385c2f7f842f58a9c"}
,"/Users/germangrib/RsSchool/reactCourse/rs-react/src/components/ErrorBoundary/ErrorBoundaryBody/errorBoundaryBody.module.scss": {"path":"/Users/germangrib/RsSchool/reactCourse/rs-react/src/components/ErrorBoundary/ErrorBoundaryBody/errorBoundaryBody.module.scss","statementMap":{"0":{"start":{"line":1,"column":0},"end":{"line":1,"column":19}}},"fnMap":{},"branchMap":{},"s":{"0":1},"f":{},"b":{},"_coverageSchema":"1a1c01bbd47fc00a2c39e90264f33305004495a9","hash":"fbe926a35cae5bf7267084434d9c6bf7bba959d9"}
,"/Users/germangrib/RsSchool/reactCourse/rs-react/src/components/ErrorBoundary/ErrorBoundaryBody/index.ts": {"path":"/Users/germangrib/RsSchool/reactCourse/rs-react/src/components/ErrorBoundary/ErrorBoundaryBody/index.ts","statementMap":{},"fnMap":{},"branchMap":{},"s":{},"f":{},"b":{},"_coverageSchema":"1a1c01bbd47fc00a2c39e90264f33305004495a9","hash":"f4ff54ada1e3fbebb13d1cfe965fddfb3269c71f"}
,"/Users/germangrib/RsSchool/reactCourse/rs-react/src/components/NoInfo/NoInfo.tsx": {"path":"/Users/germangrib/RsSchool/reactCourse/rs-react/src/components/NoInfo/NoInfo.tsx","statementMap":{"0":{"start":{"line":6,"column":2},"end":{"line":10,"column":4}}},"fnMap":{"0":{"name":"NoInfo","decl":{"start":{"line":5,"column":9},"end":{"line":5,"column":15}},"loc":{"start":{"line":5,"column":32},"end":{"line":11,"column":1}},"line":5}},"branchMap":{},"s":{"0":1},"f":{"0":1},"b":{},"_coverageSchema":"1a1c01bbd47fc00a2c39e90264f33305004495a9","hash":"749d118c9cb54c59f94e52e8c9da54194e2f5b4c"}
,"/Users/germangrib/RsSchool/reactCourse/rs-react/src/components/NoInfo/index.ts": {"path":"/Users/germangrib/RsSchool/reactCourse/rs-react/src/components/NoInfo/index.ts","statementMap":{},"fnMap":{},"branchMap":{},"s":{},"f":{},"b":{},"_coverageSchema":"1a1c01bbd47fc00a2c39e90264f33305004495a9","hash":"24eed2764cab073cdbcdd9b60f1242a0967a5282"}
,"/Users/germangrib/RsSchool/reactCourse/rs-react/src/components/NoInfo/noInfo.module.scss": {"path":"/Users/germangrib/RsSchool/reactCourse/rs-react/src/components/NoInfo/noInfo.module.scss","statementMap":{"0":{"start":{"line":1,"column":0},"end":{"line":1,"column":19}}},"fnMap":{},"branchMap":{},"s":{"0":1},"f":{},"b":{},"_coverageSchema":"1a1c01bbd47fc00a2c39e90264f33305004495a9","hash":"ff82d835e772deb45a3ee28352dcdd8fdbd5f8a7"}
,"/Users/germangrib/RsSchool/reactCourse/rs-react/src/components/Pagination/Pagination.tsx": {"path":"/Users/germangrib/RsSchool/reactCourse/rs-react/src/components/Pagination/Pagination.tsx","statementMap":{"0":{"start":{"line":13,"column":42},"end":{"line":13,"column":59}},"1":{"start":{"line":15,"column":4},"end":{"line":15,"column":76}},"2":{"start":{"line":16,"column":26},"end":{"line":16,"column":47}},"3":{"start":{"line":18,"column":4},"end":{"line":18,"column":34}},"4":{"start":{"line":19,"column":32},"end":{"line":19,"column":48}},"5":{"start":{"line":21,"column":4},"end":{"line":21,"column":76}},"6":{"start":{"line":22,"column":29},"end":{"line":22,"column":73}},"7":{"start":{"line":25,"column":24},"end":{"line":25,"column":56}},"8":{"start":{"line":26,"column":19},"end":{"line":26,"column":52}},"9":{"start":{"line":27,"column":4},"end":{"line":27,"column":25}},"10":{"start":{"line":28,"column":4},"end":{"line":32,"column":7}},"11":{"start":{"line":33,"column":20},"end":{"line":33,"column":74}},"12":{"start":{"line":34,"column":4},"end":{"line":34,"column":29}},"13":{"start":{"line":38,"column":4},"end":{"line":38,"column":15}},"14":{"start":{"line":41,"column":2},"end":{"line":72,"column":4}},"15":{"start":{"line":52,"column":42},"end":{"line":52,"column":68}},"16":{"start":{"line":55,"column":14},"end":{"line":55,"column":78}},"17":{"start":{"line":61,"column":42},"end":{"line":61,"column":69}},"18":{"start":{"line":64,"column":14},"end":{"line":64,"column":79}}},"fnMap":{"0":{"name":"Pagination","decl":{"start":{"line":12,"column":9},"end":{"line":12,"column":19}},"loc":{"start":{"line":12,"column":36},"end":{"line":73,"column":1}},"line":12},"1":{"name":"onChangePageBtnClick","decl":{"start":{"line":24,"column":17},"end":{"line":24,"column":37}},"loc":{"start":{"line":24,"column":74},"end":{"line":35,"column":3}},"line":24},"2":{"name":"onChangePagesCountOptions","decl":{"start":{"line":37,"column":11},"end":{"line":37,"column":36}},"loc":{"start":{"line":37,"column":45},"end":{"line":39,"column":3}},"line":37},"3":{"name":"(anonymous_3)","decl":{"start":{"line":52,"column":21},"end":{"line":52,"column":22}},"loc":{"start":{"line":52,"column":42},"end":{"line":52,"column":68}},"line":52},"4":{"name":"(anonymous_4)","decl":{"start":{"line":54,"column":24},"end":{"line":54,"column":25}},"loc":{"start":{"line":55,"column":14},"end":{"line":55,"column":78}},"line":55},"5":{"name":"(anonymous_5)","decl":{"start":{"line":61,"column":21},"end":{"line":61,"column":22}},"loc":{"start":{"line":61,"column":42},"end":{"line":61,"column":69}},"line":61},"6":{"name":"(anonymous_6)","decl":{"start":{"line":63,"column":24},"end":{"line":63,"column":25}},"loc":{"start":{"line":64,"column":14},"end":{"line":64,"column":79}},"line":64}},"branchMap":{"0":{"loc":{"start":{"line":15,"column":4},"end":{"line":15,"column":76}},"type":"cond-expr","locations":[{"start":{"line":15,"column":40},"end":{"line":15,"column":41}},{"start":{"line":15,"column":44},"end":{"line":15,"column":76}}],"line":15},"1":{"loc":{"start":{"line":21,"column":4},"end":{"line":21,"column":76}},"type":"cond-expr","locations":[{"start":{"line":21,"column":26},"end":{"line":21,"column":71}},{"start":{"line":21,"column":74},"end":{"line":21,"column":76}}],"line":21},"2":{"loc":{"start":{"line":21,"column":4},"end":{"line":21,"column":23}},"type":"binary-expr","locations":[{"start":{"line":21,"column":4},"end":{"line":21,"column":14}},{"start":{"line":21,"column":18},"end":{"line":21,"column":23}}],"line":21},"3":{"loc":{"start":{"line":25,"column":24},"end":{"line":25,"column":56}},"type":"cond-expr","locations":[{"start":{"line":25,"column":37},"end":{"line":25,"column":45}},{"start":{"line":25,"column":48},"end":{"line":25,"column":56}}],"line":25},"4":{"loc":{"start":{"line":43,"column":7},"end":{"line":70,"column":7}},"type":"binary-expr","locations":[{"start":{"line":43,"column":7},"end":{"line":43,"column":25}},{"start":{"line":44,"column":8},"end":{"line":69,"column":14}}],"line":43},"5":{"loc":{"start":{"line":46,"column":12},"end":{"line":46,"column":50}},"type":"cond-expr","locations":[{"start":{"line":46,"column":31},"end":{"line":46,"column":45}},{"start":{"line":46,"column":48},"end":{"line":46,"column":50}}],"line":46}},"s":{"0":1,"1":1,"2":1,"3":1,"4":1,"5":1,"6":1,"7":0,"8":0,"9":0,"10":0,"11":0,"12":0,"13":0,"14":1,"15":0,"16":0,"17":0,"18":0},"f":{"0":1,"1":0,"2":0,"3":0,"4":0,"5":0,"6":0},"b":{"0":[0,1],"1":[0,1],"2":[1,0],"3":[0,0],"4":[1,0],"5":[0,0]},"_coverageSchema":"1a1c01bbd47fc00a2c39e90264f33305004495a9","hash":"4b1678874dd4fe8fc8e20727f7f0f209a1d723b1"}
,"/Users/germangrib/RsSchool/reactCourse/rs-react/src/components/Pagination/pagination.module.scss": {"path":"/Users/germangrib/RsSchool/reactCourse/rs-react/src/components/Pagination/pagination.module.scss","statementMap":{"0":{"start":{"line":1,"column":0},"end":{"line":1,"column":19}}},"fnMap":{},"branchMap":{},"s":{"0":1},"f":{},"b":{},"_coverageSchema":"1a1c01bbd47fc00a2c39e90264f33305004495a9","hash":"63e7f9e11e3a4df2be9ff85ce3ef97184c7fa800"}
,"/Users/germangrib/RsSchool/reactCourse/rs-react/src/components/Pagination/ChangePageBtn/ChangePageBtn.tsx": {"path":"/Users/germangrib/RsSchool/reactCourse/rs-react/src/components/Pagination/ChangePageBtn/ChangePageBtn.tsx","statementMap":{"0":{"start":{"line":15,"column":19},"end":{"line":15,"column":31}},"1":{"start":{"line":17,"column":2},"end":{"line":21,"column":4}}},"fnMap":{"0":{"name":"ChangePageBtn","decl":{"start":{"line":10,"column":9},"end":{"line":10,"column":22}},"loc":{"start":{"line":14,"column":31},"end":{"line":22,"column":1}},"line":14}},"branchMap":{"0":{"loc":{"start":{"line":19,"column":7},"end":{"line":19,"column":29}},"type":"cond-expr","locations":[{"start":{"line":19,"column":20},"end":{"line":19,"column":23}},{"start":{"line":19,"column":26},"end":{"line":19,"column":29}}],"line":19}},"s":{"0":4,"1":4},"f":{"0":4},"b":{"0":[1,3]},"_coverageSchema":"1a1c01bbd47fc00a2c39e90264f33305004495a9","hash":"e662d416ca31601085bca6b7555f8ebee9d5210f"}
,"/Users/germangrib/RsSchool/reactCourse/rs-react/src/components/Pagination/ChangePageBtn/index.ts": {"path":"/Users/germangrib/RsSchool/reactCourse/rs-react/src/components/Pagination/ChangePageBtn/index.ts","statementMap":{},"fnMap":{},"branchMap":{},"s":{},"f":{},"b":{},"_coverageSchema":"1a1c01bbd47fc00a2c39e90264f33305004495a9","hash":"798be801be4e794fd56391bea51830a131dab96f"}
,"/Users/germangrib/RsSchool/reactCourse/rs-react/src/components/Pagination/PagesCountOptions/PagesCountOptions.tsx": {"path":"/Users/germangrib/RsSchool/reactCourse/rs-react/src/components/Pagination/PagesCountOptions/PagesCountOptions.tsx","statementMap":{"0":{"start":{"line":13,"column":44},"end":{"line":13,"column":58}},"1":{"start":{"line":15,"column":4},"end":{"line":15,"column":34}},"2":{"start":{"line":16,"column":42},"end":{"line":16,"column":59}},"3":{"start":{"line":17,"column":25},"end":{"line":17,"column":50}},"4":{"start":{"line":22,"column":25},"end":{"line":22,"column":39}},"5":{"start":{"line":23,"column":4},"end":{"line":23,"column":58}},"6":{"start":{"line":24,"column":4},"end":{"line":28,"column":7}},"7":{"start":{"line":29,"column":4},"end":{"line":29,"column":65}},"8":{"start":{"line":30,"column":4},"end":{"line":30,"column":35}},"9":{"start":{"line":31,"column":4},"end":{"line":31,"column":15}},"10":{"start":{"line":34,"column":2},"end":{"line":45,"column":4}},"11":{"start":{"line":37,"column":38},"end":{"line":37,"column":59}}},"fnMap":{"0":{"name":"PagesCountOptions","decl":{"start":{"line":12,"column":9},"end":{"line":12,"column":26}},"loc":{"start":{"line":12,"column":72},"end":{"line":46,"column":1}},"line":12},"1":{"name":"handleSelectChange","decl":{"start":{"line":19,"column":17},"end":{"line":19,"column":35}},"loc":{"start":{"line":21,"column":19},"end":{"line":32,"column":3}},"line":21},"2":{"name":"(anonymous_2)","decl":{"start":{"line":37,"column":16},"end":{"line":37,"column":17}},"loc":{"start":{"line":37,"column":38},"end":{"line":37,"column":59}},"line":37}},"branchMap":{"0":{"loc":{"start":{"line":38,"column":13},"end":{"line":38,"column":60}},"type":"cond-expr","locations":[{"start":{"line":38,"column":30},"end":{"line":38,"column":44}},{"start":{"line":38,"column":47},"end":{"line":38,"column":60}}],"line":38}},"s":{"0":3,"1":3,"2":3,"3":3,"4":1,"5":1,"6":1,"7":1,"8":1,"9":1,"10":3,"11":1},"f":{"0":3,"1":1,"2":1},"b":{"0":[1,2]},"_coverageSchema":"1a1c01bbd47fc00a2c39e90264f33305004495a9","hash":"3a5058ccdffb0b89e82b957c3bbae8e028fbc916"}
,"/Users/germangrib/RsSchool/reactCourse/rs-react/src/components/Pagination/PagesCountOptions/index.ts": {"path":"/Users/germangrib/RsSchool/reactCourse/rs-react/src/components/Pagination/PagesCountOptions/index.ts","statementMap":{},"fnMap":{},"branchMap":{},"s":{},"f":{},"b":{},"_coverageSchema":"1a1c01bbd47fc00a2c39e90264f33305004495a9","hash":"c64574938e28d2a5c6cce7a025c96cca846272bb"}
,"/Users/germangrib/RsSchool/reactCourse/rs-react/src/components/Pagination/utils/index.ts": {"path":"/Users/germangrib/RsSchool/reactCourse/rs-react/src/components/Pagination/utils/index.ts","statementMap":{"0":{"start":{"line":12,"column":21},"end":{"line":12,"column":63}},"1":{"start":{"line":13,"column":19},"end":{"line":13,"column":58}},"2":{"start":{"line":15,"column":4},"end":{"line":17,"column":9}},"3":{"start":{"line":19,"column":2},"end":{"line":22,"column":4}},"4":{"start":{"line":31,"column":16},"end":{"line":31,"column":55}},"5":{"start":{"line":32,"column":21},"end":{"line":32,"column":63}},"6":{"start":{"line":34,"column":2},"end":{"line":37,"column":4}}},"fnMap":{"0":{"name":"isChangePageBtnDisabled","decl":{"start":{"line":8,"column":16},"end":{"line":8,"column":39}},"loc":{"start":{"line":11,"column":38},"end":{"line":23,"column":1}},"line":11},"1":{"name":"getStorageData","decl":{"start":{"line":30,"column":16},"end":{"line":30,"column":30}},"loc":{"start":{"line":30,"column":49},"end":{"line":38,"column":1}},"line":30}},"branchMap":{"0":{"loc":{"start":{"line":15,"column":4},"end":{"line":17,"column":9}},"type":"cond-expr","locations":[{"start":{"line":16,"column":8},"end":{"line":16,"column":56}},{"start":{"line":17,"column":8},"end":{"line":17,"column":9}}],"line":15},"1":{"loc":{"start":{"line":15,"column":4},"end":{"line":15,"column":26}},"type":"binary-expr","locations":[{"start":{"line":15,"column":4},"end":{"line":15,"column":14}},{"start":{"line":15,"column":18},"end":{"line":15,"column":26}}],"line":15},"2":{"loc":{"start":{"line":20,"column":4},"end":{"line":21,"column":46}},"type":"binary-expr","locations":[{"start":{"line":20,"column":5},"end":{"line":20,"column":15}},{"start":{"line":20,"column":19},"end":{"line":20,"column":36}},{"start":{"line":21,"column":5},"end":{"line":21,"column":16}},{"start":{"line":21,"column":20},"end":{"line":21,"column":45}}],"line":20},"3":{"loc":{"start":{"line":35,"column":11},"end":{"line":35,"column":22}},"type":"binary-expr","locations":[{"start":{"line":35,"column":11},"end":{"line":35,"column":16}},{"start":{"line":35,"column":20},"end":{"line":35,"column":22}}],"line":35},"4":{"loc":{"start":{"line":36,"column":16},"end":{"line":36,"column":32}},"type":"binary-expr","locations":[{"start":{"line":36,"column":16},"end":{"line":36,"column":26}},{"start":{"line":36,"column":30},"end":{"line":36,"column":32}}],"line":36}},"s":{"0":0,"1":0,"2":0,"3":0,"4":1,"5":1,"6":1},"f":{"0":0,"1":1},"b":{"0":[0,0],"1":[0,0],"2":[0,0,0,0],"3":[1,0],"4":[1,1]},"_coverageSchema":"1a1c01bbd47fc00a2c39e90264f33305004495a9","hash":"7f277102194a68f7613659d13a27ca5180907870"}
,"/Users/germangrib/RsSchool/reactCourse/rs-react/src/components/SearchField/SearchField.tsx": {"path":"/Users/germangrib/RsSchool/reactCourse/rs-react/src/components/SearchField/SearchField.tsx","statementMap":{"0":{"start":{"line":15,"column":0},"end":{"line":17,"column":1}},"1":{"start":{"line":16,"column":2},"end":{"line":16,"column":44}},"2":{"start":{"line":21,"column":4},"end":{"line":21,"column":34}},"3":{"start":{"line":22,"column":27},"end":{"line":22,"column":70}},"4":{"start":{"line":23,"column":40},"end":{"line":23,"column":66}},"5":{"start":{"line":24,"column":19},"end":{"line":24,"column":32}},"6":{"start":{"line":27,"column":4},"end":{"line":27,"column":23}},"7":{"start":{"line":28,"column":36},"end":{"line":28,"column":73}},"8":{"start":{"line":30,"column":4},"end":{"line":32,"column":5}},"9":{"start":{"line":31,"column":6},"end":{"line":31,"column":27}},"10":{"start":{"line":34,"column":4},"end":{"line":36,"column":5}},"11":{"start":{"line":35,"column":6},"end":{"line":35,"column":13}},"12":{"start":{"line":38,"column":4},"end":{"line":50,"column":5}},"13":{"start":{"line":39,"column":6},"end":{"line":39,"column":57}},"14":{"start":{"line":40,"column":6},"end":{"line":40,"column":32}},"15":{"start":{"line":41,"column":26},"end":{"line":44,"column":8}},"16":{"start":{"line":45,"column":6},"end":{"line":45,"column":34}},"17":{"start":{"line":47,"column":6},"end":{"line":47,"column":25}},"18":{"start":{"line":49,"column":6},"end":{"line":49,"column":33}},"19":{"start":{"line":53,"column":2},"end":{"line":73,"column":4}},"20":{"start":{"line":61,"column":33},"end":{"line":61,"column":63}}},"fnMap":{"0":{"name":"SearchField","decl":{"start":{"line":19,"column":9},"end":{"line":19,"column":20}},"loc":{"start":{"line":19,"column":37},"end":{"line":74,"column":1}},"line":19},"1":{"name":"handleSubmit","decl":{"start":{"line":26,"column":17},"end":{"line":26,"column":29}},"loc":{"start":{"line":26,"column":64},"end":{"line":51,"column":3}},"line":26},"2":{"name":"(anonymous_2)","decl":{"start":{"line":61,"column":20},"end":{"line":61,"column":21}},"loc":{"start":{"line":61,"column":33},"end":{"line":61,"column":63}},"line":61}},"branchMap":{"0":{"loc":{"start":{"line":15,"column":0},"end":{"line":17,"column":1}},"type":"if","locations":[{"start":{"line":15,"column":0},"end":{"line":17,"column":1}},{"start":{},"end":{}}],"line":15},"1":{"loc":{"start":{"line":22,"column":27},"end":{"line":22,"column":70}},"type":"binary-expr","locations":[{"start":{"line":22,"column":27},"end":{"line":22,"column":64}},{"start":{"line":22,"column":68},"end":{"line":22,"column":70}}],"line":22},"2":{"loc":{"start":{"line":30,"column":4},"end":{"line":32,"column":5}},"type":"if","locations":[{"start":{"line":30,"column":4},"end":{"line":32,"column":5}},{"start":{},"end":{}}],"line":30},"3":{"loc":{"start":{"line":34,"column":4},"end":{"line":36,"column":5}},"type":"if","locations":[{"start":{"line":34,"column":4},"end":{"line":36,"column":5}},{"start":{},"end":{}}],"line":34}},"s":{"0":1,"1":1,"2":3,"3":3,"4":3,"5":3,"6":1,"7":1,"8":1,"9":0,"10":1,"11":0,"12":1,"13":1,"14":1,"15":1,"16":1,"17":0,"18":1,"19":3,"20":1},"f":{"0":3,"1":1,"2":1},"b":{"0":[1,0],"1":[3,2],"2":[0,1],"3":[0,1]},"_coverageSchema":"1a1c01bbd47fc00a2c39e90264f33305004495a9","hash":"0f4a5893cce5ad0514081fe93d93f06bcbdfa1b0"}
,"/Users/germangrib/RsSchool/reactCourse/rs-react/src/components/SearchField/searchField.module.scss": {"path":"/Users/germangrib/RsSchool/reactCourse/rs-react/src/components/SearchField/searchField.module.scss","statementMap":{"0":{"start":{"line":1,"column":0},"end":{"line":1,"column":19}}},"fnMap":{},"branchMap":{},"s":{"0":1},"f":{},"b":{},"_coverageSchema":"1a1c01bbd47fc00a2c39e90264f33305004495a9","hash":"b60a05e6604a321f004073869713d6be3d169d47"}
,"/Users/germangrib/RsSchool/reactCourse/rs-react/src/const/index.ts": {"path":"/Users/germangrib/RsSchool/reactCourse/rs-react/src/const/index.ts","statementMap":{"0":{"start":{"line":1,"column":34},"end":{"line":1,"column":36}},"1":{"start":{"line":2,"column":31},"end":{"line":2,"column":50}},"2":{"start":{"line":4,"column":31},"end":{"line":4,"column":50}},"3":{"start":{"line":5,"column":34},"end":{"line":5,"column":47}}},"fnMap":{},"branchMap":{},"s":{"0":3,"1":3,"2":3,"3":3},"f":{},"b":{},"_coverageSchema":"1a1c01bbd47fc00a2c39e90264f33305004495a9","hash":"8e6910ad9d30cde599d4788f56e384cf6ab2d92a"}
,"/Users/germangrib/RsSchool/reactCourse/rs-react/src/context/PokemonProvider.tsx": {"path":"/Users/germangrib/RsSchool/reactCourse/rs-react/src/context/PokemonProvider.tsx","statementMap":{"0":{"start":{"line":23,"column":37},"end":{"line":28,"column":1}},"1":{"start":{"line":30,"column":27},"end":{"line":30,"column":70}},"2":{"start":{"line":39,"column":40},"end":{"line":39,"column":70}},"3":{"start":{"line":40,"column":50},"end":{"line":40,"column":64}},"4":{"start":{"line":41,"column":25},"end":{"line":41,"column":42}},"5":{"start":{"line":42,"column":22},"end":{"line":42,"column":72}},"6":{"start":{"line":44,"column":42},"end":{"line":47,"column":3}},"7":{"start":{"line":48,"column":2},"end":{"line":51,"column":18}},"8":{"start":{"line":52,"column":2},"end":{"line":69,"column":9}},"9":{"start":{"line":54,"column":6},"end":{"line":65,"column":7}},"10":{"start":{"line":55,"column":25},"end":{"line":59,"column":10}},"11":{"start":{"line":60,"column":8},"end":{"line":60,"column":33}},"12":{"start":{"line":61,"column":8},"end":{"line":61,"column":35}},"13":{"start":{"line":63,"column":8},"end":{"line":63,"column":52}},"14":{"start":{"line":64,"column":8},"end":{"line":64,"column":35}},"15":{"start":{"line":68,"column":4},"end":{"line":68,"column":16}},"16":{"start":{"line":71,"column":2},"end":{"line":82,"column":4}}},"fnMap":{"0":{"name":"(anonymous_0)","decl":{"start":{"line":25,"column":18},"end":{"line":25,"column":19}},"loc":{"start":{"line":25,"column":24},"end":{"line":25,"column":26}},"line":25},"1":{"name":"(anonymous_1)","decl":{"start":{"line":27,"column":23},"end":{"line":27,"column":24}},"loc":{"start":{"line":27,"column":29},"end":{"line":27,"column":31}},"line":27},"2":{"name":"PokemonProvider","decl":{"start":{"line":36,"column":16},"end":{"line":36,"column":31}},"loc":{"start":{"line":38,"column":39},"end":{"line":83,"column":1}},"line":38},"3":{"name":"(anonymous_3)","decl":{"start":{"line":52,"column":12},"end":{"line":52,"column":13}},"loc":{"start":{"line":52,"column":18},"end":{"line":69,"column":3}},"line":52},"4":{"name":"fetchData","decl":{"start":{"line":53,"column":19},"end":{"line":53,"column":28}},"loc":{"start":{"line":53,"column":46},"end":{"line":66,"column":5}},"line":53}},"branchMap":{"0":{"loc":{"start":{"line":42,"column":22},"end":{"line":42,"column":72}},"type":"binary-expr","locations":[{"start":{"line":42,"column":22},"end":{"line":42,"column":59}},{"start":{"line":42,"column":63},"end":{"line":42,"column":72}}],"line":42},"1":{"loc":{"start":{"line":49,"column":4},"end":{"line":51,"column":17}},"type":"cond-expr","locations":[{"start":{"line":50,"column":8},"end":{"line":50,"column":15}},{"start":{"line":51,"column":8},"end":{"line":51,"column":17}}],"line":49},"2":{"loc":{"start":{"line":49,"column":4},"end":{"line":49,"column":58}},"type":"binary-expr","locations":[{"start":{"line":49,"column":4},"end":{"line":49,"column":31}},{"start":{"line":49,"column":35},"end":{"line":49,"column":58}}],"line":49}},"s":{"0":3,"1":3,"2":0,"3":0,"4":0,"5":0,"6":0,"7":0,"8":0,"9":0,"10":0,"11":0,"12":0,"13":0,"14":0,"15":0,"16":0},"f":{"0":1,"1":4,"2":0,"3":0,"4":0},"b":{"0":[0,0],"1":[0,0],"2":[0,0]},"_coverageSchema":"1a1c01bbd47fc00a2c39e90264f33305004495a9","hash":"ca20400596d42e8da83f41eba2777459767ded17"}
,"/Users/germangrib/RsSchool/reactCourse/rs-react/src/router/const.ts": {"path":"/Users/germangrib/RsSchool/reactCourse/rs-react/src/router/const.ts","statementMap":{"0":{"start":{"line":1,"column":21},"end":{"line":4,"column":1}}},"fnMap":{},"branchMap":{},"s":{"0":4},"f":{},"b":{},"_coverageSchema":"1a1c01bbd47fc00a2c39e90264f33305004495a9","hash":"b66e432cd81dde6bdf8e1365017438a18f39edba"}
,"/Users/germangrib/RsSchool/reactCourse/rs-react/src/services/pokemonService/index.ts": {"path":"/Users/germangrib/RsSchool/reactCourse/rs-react/src/services/pokemonService/index.ts","statementMap":{"0":{"start":{"line":12,"column":2},"end":{"line":36,"column":3}},"1":{"start":{"line":13,"column":4},"end":{"line":32,"column":5}},"2":{"start":{"line":14,"column":53},"end":{"line":14,"column":60}},"3":{"start":{"line":15,"column":29},"end":{"line":15,"column":36}},"4":{"start":{"line":16,"column":21},"end":{"line":16,"column":24}},"5":{"start":{"line":18,"column":6},"end":{"line":20,"column":7}},"6":{"start":{"line":19,"column":8},"end":{"line":19,"column":60}},"7":{"start":{"line":22,"column":6},"end":{"line":24,"column":7}},"8":{"start":{"line":23,"column":8},"end":{"line":23,"column":39}},"9":{"start":{"line":26,"column":6},"end":{"line":28,"column":7}},"10":{"start":{"line":27,"column":8},"end":{"line":27,"column":35}},"11":{"start":{"line":30,"column":23},"end":{"line":30,"column":44}},"12":{"start":{"line":31,"column":6},"end":{"line":31,"column":35}},"13":{"start":{"line":33,"column":4},"end":{"line":33,"column":64}},"14":{"start":{"line":33,"column":47},"end":{"line":33,"column":62}},"15":{"start":{"line":35,"column":4},"end":{"line":35,"column":36}}},"fnMap":{"0":{"name":"axios","decl":{"start":{"line":11,"column":22},"end":{"line":11,"column":27}},"loc":{"start":{"line":11,"column":75},"end":{"line":37,"column":1}},"line":11},"1":{"name":"(anonymous_1)","decl":{"start":{"line":33,"column":33},"end":{"line":33,"column":34}},"loc":{"start":{"line":33,"column":47},"end":{"line":33,"column":62}},"line":33}},"branchMap":{"0":{"loc":{"start":{"line":13,"column":4},"end":{"line":32,"column":5}},"type":"if","locations":[{"start":{"line":13,"column":4},"end":{"line":32,"column":5}},{"start":{},"end":{}}],"line":13},"1":{"loc":{"start":{"line":15,"column":14},"end":{"line":15,"column":24}},"type":"default-arg","locations":[{"start":{"line":15,"column":23},"end":{"line":15,"column":24}}],"line":15},"2":{"loc":{"start":{"line":18,"column":6},"end":{"line":20,"column":7}},"type":"if","locations":[{"start":{"line":18,"column":6},"end":{"line":20,"column":7}},{"start":{},"end":{}}],"line":18},"3":{"loc":{"start":{"line":22,"column":6},"end":{"line":24,"column":7}},"type":"if","locations":[{"start":{"line":22,"column":6},"end":{"line":24,"column":7}},{"start":{},"end":{}}],"line":22},"4":{"loc":{"start":{"line":26,"column":6},"end":{"line":28,"column":7}},"type":"if","locations":[{"start":{"line":26,"column":6},"end":{"line":28,"column":7}},{"start":{},"end":{}}],"line":26}},"s":{"0":1,"1":1,"2":1,"3":1,"4":1,"5":1,"6":1,"7":1,"8":0,"9":1,"10":0,"11":1,"12":0,"13":0,"14":0,"15":1},"f":{"0":1,"1":0},"b":{"0":[1,0],"1":[0],"2":[1,0],"3":[0,1],"4":[0,1]},"_coverageSchema":"1a1c01bbd47fc00a2c39e90264f33305004495a9","hash":"eb6c3111454a42b1563f4aa797f1f2d5e48c9a84"}
,"/Users/germangrib/RsSchool/reactCourse/rs-react/src/services/pokemonService/variables.ts": {"path":"/Users/germangrib/RsSchool/reactCourse/rs-react/src/services/pokemonService/variables.ts","statementMap":{"0":{"start":{"line":1,"column":20},"end":{"line":1,"column":55}}},"fnMap":{},"branchMap":{},"s":{"0":4},"f":{},"b":{},"_coverageSchema":"1a1c01bbd47fc00a2c39e90264f33305004495a9","hash":"9cc4bd6f7a05bbf370c3866be3f4bfee6035ee98"}
}
