TN:
SF:src/Utils/index.ts
FN:21,pokemonDataForCards
FN:34,listDataForCards
FN:69,(anonymous_2)
FN:109,fetchData
FNF:4
FNH:2
FNDA:0,pokemonDataForCards
FNDA:0,listDataForCards
FNDA:1,(anonymous_2)
FNDA:1,fetchData
DA:17,3
DA:18,3
DA:22,0
DA:24,0
DA:37,0
DA:39,0
DA:40,0
DA:41,0
DA:42,0
DA:45,0
DA:51,0
DA:52,0
DA:53,0
DA:54,0
DA:60,0
DA:69,3
DA:74,1
DA:75,1
DA:76,1
DA:77,1
DA:78,1
DA:87,0
DA:88,0
DA:89,0
DA:91,1
DA:93,0
DA:94,0
DA:95,0
DA:101,0
DA:103,0
DA:106,0
DA:115,1
DA:116,1
DA:117,1
DA:118,0
DA:120,1
DA:122,1
LF:37
LH:14
BRDA:17,0,0,3
BRDA:17,0,1,0
BRDA:39,1,0,0
BRDA:39,1,1,0
BRDA:41,2,0,0
BRDA:41,2,1,0
BRDA:51,3,0,0
BRDA:51,3,1,0
BRDA:53,4,0,0
BRDA:53,4,1,0
BRDA:76,5,0,1
BRDA:76,5,1,0
BRDA:76,6,0,1
BRDA:76,6,1,1
BRDA:76,6,2,0
BRDA:81,7,0,0
BRDA:81,7,1,1
BRDA:84,8,0,0
BRDA:84,8,1,1
BRDA:93,9,0,0
BRDA:93,9,1,0
BRDA:93,10,0,0
BRDA:93,10,1,0
BRDA:110,11,0,0
BRF:24
BRH:6
end_of_record
TN:
SF:src/components/Catalog/Card/Card.tsx
FN:8,Card
FNF:1
FNH:1
FNDA:61,Card
DA:9,61
DA:11,61
LF:2
LH:2
BRF:0
BRH:0
end_of_record
TN:
SF:src/components/Catalog/Card/card.module.scss
FNF:0
FNH:0
DA:1,2
LF:1
LH:1
BRF:0
BRH:0
end_of_record
TN:
SF:src/components/Catalog/Card/index.ts
FNF:0
FNH:0
LF:0
LH:0
BRF:0
BRH:0
end_of_record
TN:
SF:src/components/Catalog/Card/StatsField/StatsField.tsx
FN:8,StatsField
FNF:1
FNH:1
FNDA:183,StatsField
DA:9,183
LF:1
LH:1
BRF:0
BRH:0
end_of_record
TN:
SF:src/components/Catalog/Card/StatsField/index.ts
FNF:0
FNH:0
LF:0
LH:0
BRF:0
BRH:0
end_of_record
TN:
SF:src/components/Catalog/CardsList/CardsList.tsx
FN:21,CardsList
FN:30,(anonymous_1)
FN:36,handleItemClick
FN:42,handleListClick
FN:52,(anonymous_4)
FNF:5
FNH:5
FNDA:4,CardsList
FNDA:4,(anonymous_1)
FNDA:1,handleItemClick
FNDA:1,handleListClick
FNDA:60,(anonymous_4)
DA:26,4
DA:27,4
DA:28,4
DA:30,4
DA:31,4
DA:32,0
DA:37,1
DA:38,1
DA:43,1
DA:44,0
DA:45,0
DA:49,4
DA:53,60
DA:54,60
LF:14
LH:11
BRDA:26,0,0,4
BRDA:26,0,1,4
BRDA:31,1,0,0
BRDA:31,1,1,4
BRDA:37,2,0,1
BRDA:37,2,1,0
BRDA:43,3,0,0
BRDA:43,3,1,1
BRDA:51,4,0,4
BRDA:51,4,1,3
BRDA:67,5,0,4
BRDA:67,5,1,1
BRF:12
BRH:9
end_of_record
TN:
SF:src/components/Catalog/CardsList/cardsList.module.scss
FNF:0
FNH:0
DA:1,1
LF:1
LH:1
BRF:0
BRH:0
end_of_record
TN:
SF:src/components/Catalog/CardsList/index.ts
FNF:0
FNH:0
LF:0
LH:0
BRF:0
BRH:0
end_of_record
TN:
SF:src/components/Catalog/DetailedCard/DetailedCard.tsx
FN:9,DetailedCard
FN:16,fetchData
FN:32,(anonymous_2)
FN:46,(anonymous_3)
FN:75,(anonymous_4)
FNF:5
FNH:5
FNDA:7,DetailedCard
FNDA:4,fetchData
FNDA:4,(anonymous_2)
FNDA:1,(anonymous_3)
FNDA:2,(anonymous_4)
DA:10,7
DA:11,7
DA:12,7
DA:13,7
DA:14,7
DA:17,4
DA:18,4
DA:19,4
DA:20,4
DA:21,4
DA:22,4
DA:24,0
DA:27,0
DA:28,0
DA:32,7
DA:33,4
DA:34,4
DA:38,7
DA:39,4
DA:42,3
DA:43,1
DA:46,2
DA:47,1
DA:48,1
DA:58,2
DA:60,2
DA:76,2
LF:27
LH:24
BRDA:19,0,0,4
BRDA:19,0,1,0
BRDA:33,1,0,4
BRDA:33,1,1,0
BRDA:38,2,0,4
BRDA:38,2,1,3
BRDA:38,3,0,7
BRDA:38,3,1,4
BRDA:42,4,0,1
BRDA:42,4,1,2
BRF:10
BRH:8
end_of_record
TN:
SF:src/components/Catalog/DetailedCard/detailedCard.module.scss
FNF:0
FNH:0
DA:1,1
LF:1
LH:1
BRF:0
BRH:0
end_of_record
TN:
SF:src/components/ErrorBoundary/ErrorBoundaryBody/ErrorBoundaryBody.tsx
FN:10,ErrorBoundaryBody
FN:21,(anonymous_1)
FNF:2
FNH:1
FNDA:1,ErrorBoundaryBody
FNDA:0,(anonymous_1)
DA:11,1
DA:21,0
LF:2
LH:1
BRF:0
BRH:0
end_of_record
TN:
SF:src/components/ErrorBoundary/ErrorBoundaryBody/errorBoundaryBody.module.scss
FNF:0
FNH:0
DA:1,1
LF:1
LH:1
BRF:0
BRH:0
end_of_record
TN:
SF:src/components/ErrorBoundary/ErrorBoundaryBody/index.ts
FNF:0
FNH:0
LF:0
LH:0
BRF:0
BRH:0
end_of_record
TN:
SF:src/components/NoInfo/NoInfo.tsx
FN:5,NoInfo
FNF:1
FNH:1
FNDA:1,NoInfo
DA:6,1
LF:1
LH:1
BRF:0
BRH:0
end_of_record
TN:
SF:src/components/NoInfo/index.ts
FNF:0
FNH:0
LF:0
LH:0
BRF:0
BRH:0
end_of_record
TN:
SF:src/components/NoInfo/noInfo.module.scss
FNF:0
FNH:0
DA:1,1
LF:1
LH:1
BRF:0
BRH:0
end_of_record
TN:
SF:src/components/Pagination/Pagination.tsx
FN:12,Pagination
FN:24,onChangePageBtnClick
FN:37,onChangePagesCountOptions
FN:52,(anonymous_3)
FN:54,(anonymous_4)
FN:61,(anonymous_5)
FN:63,(anonymous_6)
FNF:7
FNH:1
FNDA:1,Pagination
FNDA:0,onChangePageBtnClick
FNDA:0,onChangePagesCountOptions
FNDA:0,(anonymous_3)
FNDA:0,(anonymous_4)
FNDA:0,(anonymous_5)
FNDA:0,(anonymous_6)
DA:13,1
DA:15,1
DA:16,1
DA:18,1
DA:19,1
DA:21,1
DA:22,1
DA:25,0
DA:26,0
DA:27,0
DA:28,0
DA:33,0
DA:34,0
DA:38,0
DA:41,1
DA:52,0
DA:55,0
DA:61,0
DA:64,0
LF:19
LH:8
BRDA:15,0,0,0
BRDA:15,0,1,1
BRDA:21,1,0,0
BRDA:21,1,1,1
BRDA:21,2,0,1
BRDA:21,2,1,0
BRDA:25,3,0,0
BRDA:25,3,1,0
BRDA:43,4,0,1
BRDA:43,4,1,0
BRDA:46,5,0,0
BRDA:46,5,1,0
BRF:12
BRH:4
end_of_record
TN:
SF:src/components/Pagination/pagination.module.scss
FNF:0
FNH:0
DA:1,1
LF:1
LH:1
BRF:0
BRH:0
end_of_record
TN:
SF:src/components/Pagination/ChangePageBtn/ChangePageBtn.tsx
FN:10,ChangePageBtn
FNF:1
FNH:1
FNDA:4,ChangePageBtn
DA:15,4
DA:17,4
LF:2
LH:2
BRDA:19,0,0,1
BRDA:19,0,1,3
BRF:2
BRH:2
end_of_record
TN:
SF:src/components/Pagination/ChangePageBtn/index.ts
FNF:0
FNH:0
LF:0
LH:0
BRF:0
BRH:0
end_of_record
TN:
SF:src/components/Pagination/PagesCountOptions/PagesCountOptions.tsx
FN:12,PagesCountOptions
FN:19,handleSelectChange
FN:37,(anonymous_2)
FNF:3
FNH:3
FNDA:3,PagesCountOptions
FNDA:1,handleSelectChange
FNDA:1,(anonymous_2)
DA:13,3
DA:15,3
DA:16,3
DA:17,3
DA:22,1
DA:23,1
DA:24,1
DA:29,1
DA:30,1
DA:31,1
DA:34,3
DA:37,1
LF:12
LH:12
BRDA:38,0,0,1
BRDA:38,0,1,2
BRF:2
BRH:2
end_of_record
TN:
SF:src/components/Pagination/PagesCountOptions/index.ts
FNF:0
FNH:0
LF:0
LH:0
BRF:0
BRH:0
end_of_record
TN:
SF:src/components/Pagination/utils/index.ts
FN:8,isChangePageBtnDisabled
FN:30,getStorageData
FNF:2
FNH:2
FNDA:3,isChangePageBtnDisabled
FNDA:1,getStorageData
DA:12,3
DA:13,3
DA:15,3
DA:19,3
DA:31,1
DA:32,1
DA:34,1
LF:7
LH:7
BRDA:15,0,0,0
BRDA:15,0,1,3
BRDA:15,1,0,3
BRDA:15,1,1,0
BRDA:20,2,0,3
BRDA:20,2,1,2
BRDA:20,2,2,2
BRDA:20,2,3,1
BRDA:35,3,0,1
BRDA:35,3,1,0
BRDA:36,4,0,1
BRDA:36,4,1,1
BRF:12
BRH:9
end_of_record
TN:
SF:src/components/SearchField/SearchField.tsx
FN:19,SearchField
FN:26,handleSubmit
FN:61,(anonymous_2)
FNF:3
FNH:3
FNDA:3,SearchField
FNDA:1,handleSubmit
FNDA:1,(anonymous_2)
DA:15,1
DA:16,1
DA:21,3
DA:22,3
DA:23,3
DA:24,3
DA:27,1
DA:28,1
DA:30,1
DA:31,0
DA:34,1
DA:35,0
DA:38,1
DA:39,1
DA:40,1
DA:41,1
DA:45,1
DA:47,0
DA:49,1
DA:53,3
DA:61,1
LF:21
LH:18
BRDA:15,0,0,1
BRDA:15,0,1,0
BRDA:22,1,0,3
BRDA:22,1,1,2
BRDA:30,2,0,0
BRDA:30,2,1,1
BRDA:34,3,0,0
BRDA:34,3,1,1
BRF:8
BRH:5
end_of_record
TN:
SF:src/components/SearchField/searchField.module.scss
FNF:0
FNH:0
DA:1,1
LF:1
LH:1
BRF:0
BRH:0
end_of_record
TN:
SF:src/const/index.ts
FNF:0
FNH:0
DA:1,4
DA:2,4
DA:4,4
DA:5,4
LF:4
LH:4
BRF:0
BRH:0
end_of_record
TN:
SF:src/context/PokemonProvider.tsx
FN:25,(anonymous_0)
FN:27,(anonymous_1)
FN:36,PokemonProvider
FN:52,(anonymous_3)
FN:53,fetchData
FNF:5
FNH:2
FNDA:1,(anonymous_0)
FNDA:4,(anonymous_1)
FNDA:0,PokemonProvider
FNDA:0,(anonymous_3)
FNDA:0,fetchData
DA:23,3
DA:30,3
DA:39,0
DA:40,0
DA:41,0
DA:42,0
DA:44,0
DA:48,0
DA:52,0
DA:54,0
DA:55,0
DA:60,0
DA:61,0
DA:63,0
DA:64,0
DA:68,0
DA:71,0
LF:17
LH:2
BRDA:42,0,0,0
BRDA:42,0,1,0
BRDA:49,1,0,0
BRDA:49,1,1,0
BRDA:49,2,0,0
BRDA:49,2,1,0
BRF:6
BRH:0
end_of_record
TN:
SF:src/router/const.ts
FNF:0
FNH:0
DA:1,4
LF:1
LH:1
BRF:0
BRH:0
end_of_record
TN:
SF:src/services/pokemonService/index.ts
FN:11,axios
FN:33,(anonymous_1)
FNF:2
FNH:1
FNDA:1,axios
FNDA:0,(anonymous_1)
DA:12,1
DA:13,1
DA:14,1
DA:15,1
DA:16,1
DA:18,1
DA:19,1
DA:22,1
DA:23,0
DA:26,1
DA:27,0
DA:30,1
DA:31,0
DA:33,0
DA:35,1
LF:15
LH:11
BRDA:13,0,0,1
BRDA:13,0,1,0
BRDA:15,1,0,0
BRDA:18,2,0,1
BRDA:18,2,1,0
BRDA:22,3,0,0
BRDA:22,3,1,1
BRDA:26,4,0,0
BRDA:26,4,1,1
BRF:9
BRH:4
end_of_record
TN:
SF:src/services/pokemonService/variables.ts
FNF:0
FNH:0
DA:1,4
LF:1
LH:1
BRF:0
BRH:0
end_of_record
